[2023-12-22 14:05:53,181] INFO [Broker id=2] Handling LeaderAndIsr request correlationId 1 from controller 1 for 1 partitions (state.change.logger)
[2023-12-22 14:05:53,298] INFO [Broker id=2] Follower Main-topic-0 starts at leader epoch 0 from offset 0 with partition epoch 0 and high watermark 0. Current leader is 1. Previous leader Some(1) and previous leader epoch was 0. (state.change.logger)
[2023-12-22 14:05:53,300] INFO [Broker id=2] Stopped fetchers as part of become-follower request from controller 1 epoch 1 with correlation id 1 for 1 partitions (state.change.logger)
[2023-12-22 14:05:53,353] INFO [Broker id=2] Finished LeaderAndIsr request in 174ms correlationId 1 from controller 1 for 1 partitions (state.change.logger)
[2023-12-22 14:05:53,364] INFO [Broker id=2] Add 1 partitions and deleted 0 partitions from metadata cache in response to UpdateMetadata request sent by controller 1 epoch 1 with correlation id 2 (state.change.logger)
[2023-12-22 14:05:55,456] INFO [Broker id=2] Handling LeaderAndIsr request correlationId 3 from controller 1 for 2 partitions (state.change.logger)
[2023-12-22 14:05:55,461] INFO [Broker id=2] Stopped fetchers as part of LeaderAndIsr request correlationId 3 from controller 1 epoch 1 as part of the become-leader transition for 1 partitions (state.change.logger)
[2023-12-22 14:05:55,476] INFO [Broker id=2] Leader another-topic-0 with topic id Some(KGttff3UQ6CkeI0szYlRaQ) starts at leader epoch 0 from offset 0 with partition epoch 0, high watermark 0, ISR [2,1], adding replicas [] and removing replicas [] . Previous leader None and previous leader epoch was -1. (state.change.logger)
[2023-12-22 14:05:55,494] INFO [Broker id=2] Follower another-topic-2 starts at leader epoch 0 from offset 0 with partition epoch 0 and high watermark 0. Current leader is 0. Previous leader Some(0) and previous leader epoch was 0. (state.change.logger)
[2023-12-22 14:05:55,494] INFO [Broker id=2] Stopped fetchers as part of become-follower request from controller 1 epoch 1 with correlation id 3 for 1 partitions (state.change.logger)
[2023-12-22 14:05:55,499] INFO [Broker id=2] Finished LeaderAndIsr request in 43ms correlationId 3 from controller 1 for 2 partitions (state.change.logger)
[2023-12-22 14:05:55,504] INFO [Broker id=2] Add 3 partitions and deleted 0 partitions from metadata cache in response to UpdateMetadata request sent by controller 1 epoch 1 with correlation id 4 (state.change.logger)
[2023-12-22 14:05:57,640] INFO [Broker id=2] Add 2 partitions and deleted 0 partitions from metadata cache in response to UpdateMetadata request sent by controller 1 epoch 1 with correlation id 5 (state.change.logger)
[2023-12-22 14:06:26,417] INFO [Broker id=2] Handling LeaderAndIsr request correlationId 6 from controller 1 for 1 partitions (state.change.logger)
[2023-12-22 14:06:26,418] INFO [Broker id=2] Follower another-topic-0 starts at leader epoch 1 from offset 0 with partition epoch 1 and high watermark 0. Current leader is 1. Previous leader Some(1) and previous leader epoch was 1. (state.change.logger)
[2023-12-22 14:06:26,419] INFO [Broker id=2] Stopped fetchers as part of become-follower request from controller 1 epoch 1 with correlation id 6 for 1 partitions (state.change.logger)
[2023-12-22 14:06:26,424] INFO [Broker id=2] Finished LeaderAndIsr request in 6ms correlationId 6 from controller 1 for 1 partitions (state.change.logger)
[2023-12-22 14:06:26,425] INFO [Broker id=2] Add 1 partitions and deleted 0 partitions from metadata cache in response to UpdateMetadata request sent by controller 1 epoch 1 with correlation id 7 (state.change.logger)
[2023-12-22 14:06:26,428] INFO [Broker id=2] Handling StopReplica request correlationId 8 from controller 1 for 2 partitions (state.change.logger)
[2023-12-22 14:06:26,442] INFO [Broker id=2] Add 2 partitions and deleted 0 partitions from metadata cache in response to UpdateMetadata request sent by controller 1 epoch 1 with correlation id 9 (state.change.logger)
[2023-12-22 14:06:26,443] INFO [Broker id=2] Handling StopReplica request correlationId 10 from controller 1 for 2 partitions (state.change.logger)
